[debug] [2021-05-16T06:28:17.999Z] ----------------------------------------------------------------------
[debug] [2021-05-16T06:28:18.002Z] Command:       /usr/local/Cellar/node/12.9.0/bin/node /usr/local/bin/firebase init
[debug] [2021-05-16T06:28:18.003Z] CLI Version:   9.10.2
[debug] [2021-05-16T06:28:18.003Z] Platform:      darwin
[debug] [2021-05-16T06:28:18.003Z] Node Version:  v12.9.0
[debug] [2021-05-16T06:28:18.005Z] Time:          Sun May 16 2021 09:28:18 GMT+0300 (GMT+03:00)
[debug] [2021-05-16T06:28:18.005Z] ----------------------------------------------------------------------
[debug] 
[debug] [2021-05-16T06:28:18.015Z] > command requires scopes: ["email","openid","https://www.googleapis.com/auth/cloudplatformprojects.readonly","https://www.googleapis.com/auth/firebase","https://www.googleapis.com/auth/cloud-platform"]
[debug] [2021-05-16T06:28:18.015Z] > authorizing via signed-in user (omrsfylmz@gmail.com)
[info] 
     ######## #### ########  ######## ########     ###     ######  ########
     ##        ##  ##     ## ##       ##     ##  ##   ##  ##       ##
     ######    ##  ########  ######   ########  #########  ######  ######
     ##        ##  ##    ##  ##       ##     ## ##     ##       ## ##
     ##       #### ##     ## ######## ########  ##     ##  ######  ########

You're about to initialize a Firebase project in this directory:

  /Users/mac/Desktop/google-clone

[info] 
=== Project Setup
[info] 
[info] First, let's associate this project directory with a Firebase project.
[info] You can create multiple project aliases by running firebase use --add, 
[info] but for now we'll just set up a default project.
[info] 
[debug] [2021-05-16T06:28:26.240Z] >>> [apiv2][query] GET https://firebase.googleapis.com/v1beta1/projects pageSize=100
[debug] [2021-05-16T06:28:26.828Z] <<< [apiv2][status] GET https://firebase.googleapis.com/v1beta1/projects 200
[debug] [2021-05-16T06:28:26.828Z] <<< [apiv2][body] GET https://firebase.googleapis.com/v1beta1/projects [omitted]
[info] i  Using project fir-1409d (Google Demo) 
[info] 
=== Hosting Setup
[info] 
[info] Your public directory is the folder (relative to your project directory) that
[info] will contain Hosting assets to be uploaded with firebase deploy. If you
[info] have a build process for your assets, use your build's output directory.
[info] 
[debug] [2021-05-16T06:28:56.950Z] >>> [apiv2][query] GET https://www.gstatic.com/firebasejs/releases.json [none]
[debug] [2021-05-16T06:28:57.181Z] <<< [apiv2][status] GET https://www.gstatic.com/firebasejs/releases.json 200
[debug] [2021-05-16T06:28:57.181Z] <<< [apiv2][body] GET https://www.gstatic.com/firebasejs/releases.json {"current":{"version":"8.6.1","browserURL":"https://www.gstatic.com/firebasejs/8.6.1/firebase.js","packageURL":"https://www.gstatic.com/firebasejs/8.6.1/firebase.tgz"},"live":{"version":"8.6","browserURL":"https://www.gstatic.com/firebasejs/live/8.6/firebase.js","packageURL":"https://www.gstatic.com/firebasejs/live/8.6/firebase.tgz"},"components":{"analytics":"https://www.gstatic.com/firebasejs/8.6.1/firebase-analytics.js","app":"https://www.gstatic.com/firebasejs/8.6.1/firebase-app.js","app-check":"https://www.gstatic.com/firebasejs/8.6.1/firebase-app-check.js","auth":"https://www.gstatic.com/firebasejs/8.6.1/firebase-auth.js","database":"https://www.gstatic.com/firebasejs/8.6.1/firebase-database.js","firestore":"https://www.gstatic.com/firebasejs/8.6.1/firebase-firestore.js","functions":"https://www.gstatic.com/firebasejs/8.6.1/firebase-functions.js","installations":"https://www.gstatic.com/firebasejs/8.6.1/firebase-installations.js","messaging":"https://www.gstatic.com/firebasejs/8.6.1/firebase-messaging.js","storage":"https://www.gstatic.com/firebasejs/8.6.1/firebase-storage.js","performance":"https://www.gstatic.com/firebasejs/8.6.1/firebase-performance.js","remote-config":"https://www.gstatic.com/firebasejs/8.6.1/firebase-remote-config.js","firestore.memory":"https://www.gstatic.com/firebasejs/8.6.1/firebase-firestore.memory.js"}}
[info] ✔  Wrote build/index.html 
[info] 
[info] i  Detected a .git folder at /Users/mac/Desktop/google-clone 
[info] i  Authorizing with GitHub to upload your service account to a GitHub repository's secrets store. 
[info] 
[info] Visit this URL on this device to log in:
[info] https://github.com/login/oauth/authorize?client_id=89cf50f02ac6aaed3484&state=108753566&redirect_uri=http%3A%2F%2Flocalhost%3A9005&scope=read%3Auser%20repo%20public_repo
[info] 
[info] Waiting for authentication...
[debug] [2021-05-16T06:29:14.647Z] >>> HTTP REQUEST POST https://github.com/login/oauth/access_token  
 {"client_id":"89cf50f02ac6aaed3484","client_secret":"3330d14abc895d9a74d5f17cd7a00711fa2c5bf0","code":"15d54bd9c0f889089a4b","redirect_uri":"http://localhost:9005","state":"108753566"}
[debug] [2021-05-16T06:29:14.990Z] <<< HTTP RESPONSE 200 {"server":"GitHub.com","date":"Sun, 16 May 2021 06:29:16 GMT","content-type":"application/json; charset=utf-8","transfer-encoding":"chunked","vary":"X-PJAX, Accept-Encoding, Accept, X-Requested-With","permissions-policy":"interest-cohort=()","etag":"W/\"ab4bf884538987db5d61eb0cf376d2d0\"","cache-control":"max-age=0, private, must-revalidate","strict-transport-security":"max-age=31536000; includeSubdomains; preload","x-frame-options":"deny","x-content-type-options":"nosniff","x-xss-protection":"0","referrer-policy":"origin-when-cross-origin, strict-origin-when-cross-origin","expect-ct":"max-age=2592000, report-uri=\"https://api.github.com/_private/browser/errors\"","content-security-policy":"default-src 'none'; base-uri 'self'; block-all-mixed-content; connect-src 'self' uploads.github.com www.githubstatus.com collector.githubapp.com api.github.com github-cloud.s3.amazonaws.com github-production-repository-file-5c1aeb.s3.amazonaws.com github-production-upload-manifest-file-7fdce7.s3.amazonaws.com github-production-user-asset-6210df.s3.amazonaws.com cdn.optimizely.com logx.optimizely.com/v1/events wss://alive.github.com; font-src github.githubassets.com; form-action 'self' github.com gist.github.com; frame-ancestors 'none'; frame-src render.githubusercontent.com; img-src 'self' data: github.githubassets.com identicons.github.com collector.githubapp.com github-cloud.s3.amazonaws.com secured-user-images.githubusercontent.com/ *.githubusercontent.com; manifest-src 'self'; media-src 'none'; script-src github.githubassets.com; style-src 'unsafe-inline' github.githubassets.com; worker-src github.com/socket-worker-3f088aa2.js gist.github.com/socket-worker-3f088aa2.js","x-github-request-id":"2E41:2EC4:1B442FE:1C66DE6:60A0BBBB"}
[debug] [2021-05-16T06:29:14.995Z] >>> [apiv2][query] GET https://api.github.com/user [none]
[debug] [2021-05-16T06:29:15.456Z] <<< [apiv2][status] GET https://api.github.com/user 200
[debug] [2021-05-16T06:29:15.456Z] <<< [apiv2][body] GET https://api.github.com/user {"login":"omrsfylmz","id":40966566,"node_id":"MDQ6VXNlcjQwOTY2NTY2","avatar_url":"https://avatars.githubusercontent.com/u/40966566?v=4","gravatar_id":"","url":"https://api.github.com/users/omrsfylmz","html_url":"https://github.com/omrsfylmz","followers_url":"https://api.github.com/users/omrsfylmz/followers","following_url":"https://api.github.com/users/omrsfylmz/following{/other_user}","gists_url":"https://api.github.com/users/omrsfylmz/gists{/gist_id}","starred_url":"https://api.github.com/users/omrsfylmz/starred{/owner}{/repo}","subscriptions_url":"https://api.github.com/users/omrsfylmz/subscriptions","organizations_url":"https://api.github.com/users/omrsfylmz/orgs","repos_url":"https://api.github.com/users/omrsfylmz/repos","events_url":"https://api.github.com/users/omrsfylmz/events{/privacy}","received_events_url":"https://api.github.com/users/omrsfylmz/received_events","type":"User","site_admin":false,"name":"Ömer Sefa YILMAZ","company":null,"blog":"https://www.linkedin.com/in/omrsfylmz/","location":"Ankara","email":"omrsfylmz@gmail.com","hireable":null,"bio":"Front End Developer","twitter_username":"omrsfylmz","public_repos":17,"public_gists":0,"followers":24,"following":46,"created_at":"2018-07-08T20:37:39Z","updated_at":"2021-05-16T06:29:15Z","private_gists":0,"total_private_repos":4,"owned_private_repos":4,"disk_usage":120306,"collaborators":0,"two_factor_authentication":false,"plan":{"name":"pro","space":976562499,"collaborators":0,"private_repos":9999}}
[info] 
[info] ✔  Success! Logged into GitHub as omrsfylmz 
[info] 
